Determining if the pthread_create exist failed with the following output:
Change Dir: /home/matt/catkin_ws/src/bebop_auto/cpp_src/gate_detection/cmake-build-debug/CMakeFiles/CMakeTmp

Run Build Command:"/usr/bin/make" "cmTC_e285c/fast"
/usr/bin/make -f CMakeFiles/cmTC_e285c.dir/build.make CMakeFiles/cmTC_e285c.dir/build
make[1]: Entering directory '/home/matt/catkin_ws/src/bebop_auto/cpp_src/gate_detection/cmake-build-debug/CMakeFiles/CMakeTmp'
Building C object CMakeFiles/cmTC_e285c.dir/CheckSymbolExists.c.o
/usr/bin/cc    -o CMakeFiles/cmTC_e285c.dir/CheckSymbolExists.c.o   -c /home/matt/catkin_ws/src/bebop_auto/cpp_src/gate_detection/cmake-build-debug/CMakeFiles/CMakeTmp/CheckSymbolExists.c
Linking C executable cmTC_e285c
/home/matt/.local/share/JetBrains/Toolbox/apps/CLion/ch-0/181.5281.33/bin/cmake/bin/cmake -E cmake_link_script CMakeFiles/cmTC_e285c.dir/link.txt --verbose=1
/usr/bin/cc      -rdynamic CMakeFiles/cmTC_e285c.dir/CheckSymbolExists.c.o  -o cmTC_e285c 
CMakeFiles/cmTC_e285c.dir/CheckSymbolExists.c.o: In function `main':
CheckSymbolExists.c:(.text+0x16): undefined reference to `pthread_create'
collect2: error: ld returned 1 exit status
CMakeFiles/cmTC_e285c.dir/build.make:97: recipe for target 'cmTC_e285c' failed
make[1]: *** [cmTC_e285c] Error 1
make[1]: Leaving directory '/home/matt/catkin_ws/src/bebop_auto/cpp_src/gate_detection/cmake-build-debug/CMakeFiles/CMakeTmp'
Makefile:126: recipe for target 'cmTC_e285c/fast' failed
make: *** [cmTC_e285c/fast] Error 2

File /home/matt/catkin_ws/src/bebop_auto/cpp_src/gate_detection/cmake-build-debug/CMakeFiles/CMakeTmp/CheckSymbolExists.c:
/* */
#include <pthread.h>

int main(int argc, char** argv)
{
  (void)argv;
#ifndef pthread_create
  return ((int*)(&pthread_create))[argc];
#else
  (void)argc;
  return 0;
#endif
}

Determining if the function pthread_create exists in the pthreads failed with the following output:
Change Dir: /home/matt/catkin_ws/src/bebop_auto/cpp_src/gate_detection/cmake-build-debug/CMakeFiles/CMakeTmp

Run Build Command:"/usr/bin/make" "cmTC_1347d/fast"
/usr/bin/make -f CMakeFiles/cmTC_1347d.dir/build.make CMakeFiles/cmTC_1347d.dir/build
make[1]: Entering directory '/home/matt/catkin_ws/src/bebop_auto/cpp_src/gate_detection/cmake-build-debug/CMakeFiles/CMakeTmp'
Building C object CMakeFiles/cmTC_1347d.dir/CheckFunctionExists.c.o
/usr/bin/cc   -DCHECK_FUNCTION_EXISTS=pthread_create   -o CMakeFiles/cmTC_1347d.dir/CheckFunctionExists.c.o   -c /home/matt/.local/share/JetBrains/Toolbox/apps/CLion/ch-0/181.5281.33/bin/cmake/share/cmake-3.10/Modules/CheckFunctionExists.c
Linking C executable cmTC_1347d
/home/matt/.local/share/JetBrains/Toolbox/apps/CLion/ch-0/181.5281.33/bin/cmake/bin/cmake -E cmake_link_script CMakeFiles/cmTC_1347d.dir/link.txt --verbose=1
/usr/bin/cc  -DCHECK_FUNCTION_EXISTS=pthread_create    -rdynamic CMakeFiles/cmTC_1347d.dir/CheckFunctionExists.c.o  -o cmTC_1347d -lpthreads 
/usr/bin/ld: cannot find -lpthreads
collect2: error: ld returned 1 exit status
CMakeFiles/cmTC_1347d.dir/build.make:97: recipe for target 'cmTC_1347d' failed
make[1]: *** [cmTC_1347d] Error 1
make[1]: Leaving directory '/home/matt/catkin_ws/src/bebop_auto/cpp_src/gate_detection/cmake-build-debug/CMakeFiles/CMakeTmp'
Makefile:126: recipe for target 'cmTC_1347d/fast' failed
make: *** [cmTC_1347d/fast] Error 2


